[debug] [2021-06-29T11:11:45.528Z] ----------------------------------------------------------------------
[debug] [2021-06-29T11:11:45.532Z] Command:       C:\Program Files\nodejs\node.exe C:\Users\LRNAPCO\AppData\Roaming\npm\node_modules\firebase-tools\lib\bin\firebase.js init
[debug] [2021-06-29T11:11:45.532Z] CLI Version:   9.14.0
[debug] [2021-06-29T11:11:45.532Z] Platform:      win32
[debug] [2021-06-29T11:11:45.532Z] Node Version:  v12.17.0
[debug] [2021-06-29T11:11:45.536Z] Time:          Tue Jun 29 2021 12:11:45 GMT+0100 (West Africa Standard Time)
[debug] [2021-06-29T11:11:45.536Z] ----------------------------------------------------------------------
[debug] 
[debug] [2021-06-29T11:11:45.554Z] > command requires scopes: ["email","openid","https://www.googleapis.com/auth/cloudplatformprojects.readonly","https://www.googleapis.com/auth/firebase","https://www.googleapis.com/auth/cloud-platform"]
[debug] [2021-06-29T11:11:45.554Z] > authorizing via signed-in user (tobilobatijani2011@gmail.com)
[info] 
     ######## #### ########  ######## ########     ###     ######  ########
     ##        ##  ##     ## ##       ##     ##  ##   ##  ##       ##
     ######    ##  ########  ######   ########  #########  ######  ######
     ##        ##  ##    ##  ##       ##     ## ##     ##       ## ##
     ##       #### ##     ## ######## ########  ##     ##  ######  ########

You're about to initialize a Firebase project in this directory:

  C:\Users\LRNAPCO\Music\PROJECTS\sellers-hub

[info] 
=== Project Setup
[info] 
[info] First, let's associate this project directory with a Firebase project.
[info] You can create multiple project aliases by running firebase use --add, 
[info] but for now we'll just set up a default project.
[info] 
[debug] [2021-06-29T11:11:56.256Z] >>> [apiv2][query] GET https://firebase.googleapis.com/v1beta1/projects pageSize=100
[debug] [2021-06-29T11:11:56.878Z] <<< [apiv2][status] GET https://firebase.googleapis.com/v1beta1/projects 200
[debug] [2021-06-29T11:11:56.878Z] <<< [apiv2][body] GET https://firebase.googleapis.com/v1beta1/projects [omitted]
[info] i  Using project sellers-hub-f5acb (sellers-hub) 
[info] 
=== Hosting Setup
[info] 
[info] Your public directory is the folder (relative to your project directory) that
[info] will contain Hosting assets to be uploaded with firebase deploy. If you
[info] have a build process for your assets, use your build's output directory.
[info] 
[debug] [2021-06-29T11:13:05.495Z] >>> [apiv2][query] GET https://www.gstatic.com/firebasejs/releases.json [none]
[debug] [2021-06-29T11:13:05.965Z] <<< [apiv2][status] GET https://www.gstatic.com/firebasejs/releases.json 200
[debug] [2021-06-29T11:13:05.966Z] <<< [apiv2][body] GET https://www.gstatic.com/firebasejs/releases.json {"current":{"version":"8.6.8","browserURL":"https://www.gstatic.com/firebasejs/8.6.8/firebase.js","packageURL":"https://www.gstatic.com/firebasejs/8.6.8/firebase.tgz"},"live":{"version":"8.6","browserURL":"https://www.gstatic.com/firebasejs/live/8.6/firebase.js","packageURL":"https://www.gstatic.com/firebasejs/live/8.6/firebase.tgz"},"components":{"analytics":"https://www.gstatic.com/firebasejs/8.6.8/firebase-analytics.js","app":"https://www.gstatic.com/firebasejs/8.6.8/firebase-app.js","app-check":"https://www.gstatic.com/firebasejs/8.6.8/firebase-app-check.js","auth":"https://www.gstatic.com/firebasejs/8.6.8/firebase-auth.js","database":"https://www.gstatic.com/firebasejs/8.6.8/firebase-database.js","firestore":"https://www.gstatic.com/firebasejs/8.6.8/firebase-firestore.js","functions":"https://www.gstatic.com/firebasejs/8.6.8/firebase-functions.js","installations":"https://www.gstatic.com/firebasejs/8.6.8/firebase-installations.js","messaging":"https://www.gstatic.com/firebasejs/8.6.8/firebase-messaging.js","storage":"https://www.gstatic.com/firebasejs/8.6.8/firebase-storage.js","performance":"https://www.gstatic.com/firebasejs/8.6.8/firebase-performance.js","remote-config":"https://www.gstatic.com/firebasejs/8.6.8/firebase-remote-config.js","firestore.memory":"https://www.gstatic.com/firebasejs/8.6.8/firebase-firestore.memory.js"}}
[info] +  Wrote ng build/index.html 
[info] 
[info] i  Didn't detect a .git folder. Assuming C:\Users\LRNAPCO\Music\PROJECTS\sellers-hub is the project root. 
[info] i  Authorizing with GitHub to upload your service account to a GitHub repository's secrets store. 
[info] 
[info] Visit this URL on this device to log in:
[info] https://github.com/login/oauth/authorize?client_id=89cf50f02ac6aaed3484&state=577879846&redirect_uri=http%3A%2F%2Flocalhost%3A9005&scope=read%3Auser%20repo%20public_repo
[info] 
[info] Waiting for authentication...
[debug] [2021-06-29T11:13:09.898Z] >>> HTTP REQUEST POST https://github.com/login/oauth/access_token  
 {"client_id":"89cf50f02ac6aaed3484","client_secret":"3330d14abc895d9a74d5f17cd7a00711fa2c5bf0","code":"031e574b8b4e0c5ace02","redirect_uri":"http://localhost:9005","state":"577879846"}
[debug] [2021-06-29T11:13:10.713Z] <<< HTTP RESPONSE 200 {"server":"GitHub.com","date":"Tue, 29 Jun 2021 11:12:55 GMT","content-type":"application/json; charset=utf-8","transfer-encoding":"chunked","vary":"X-PJAX, Accept-Encoding, Accept, X-Requested-With","permissions-policy":"interest-cohort=()","etag":"W/\"b73d6b23e9350c267adaacd50fb9f970\"","cache-control":"max-age=0, private, must-revalidate","strict-transport-security":"max-age=31536000; includeSubdomains; preload","x-frame-options":"deny","x-content-type-options":"nosniff","x-xss-protection":"0","referrer-policy":"origin-when-cross-origin, strict-origin-when-cross-origin","expect-ct":"max-age=2592000, report-uri=\"https://api.github.com/_private/browser/errors\"","content-security-policy":"default-src 'none'; base-uri 'self'; block-all-mixed-content; connect-src 'self' uploads.github.com www.githubstatus.com collector.githubapp.com api.github.com github-cloud.s3.amazonaws.com github-production-repository-file-5c1aeb.s3.amazonaws.com github-production-upload-manifest-file-7fdce7.s3.amazonaws.com github-production-user-asset-6210df.s3.amazonaws.com cdn.optimizely.com logx.optimizely.com/v1/events translator.github.com wss://alive.github.com; font-src github.githubassets.com; form-action 'self' github.com gist.github.com; frame-ancestors 'none'; frame-src render.githubusercontent.com render-temp.githubusercontent.com viewscreen.githubusercontent.com; img-src 'self' data: github.githubassets.com identicons.github.com collector.githubapp.com github-cloud.s3.amazonaws.com secured-user-images.githubusercontent.com/ *.githubusercontent.com; manifest-src 'self'; media-src 'none'; script-src github.githubassets.com; style-src 'unsafe-inline' github.githubassets.com; worker-src github.com/socket-worker-3f088aa2.js gist.github.com/socket-worker-3f088aa2.js","x-github-request-id":"D108:DB00:3A622:3C329:60DB0036"}
[debug] [2021-06-29T11:13:10.927Z] >>> [apiv2][query] GET https://api.github.com/user [none]
[debug] [2021-06-29T11:13:11.760Z] <<< [apiv2][status] GET https://api.github.com/user 200
[debug] [2021-06-29T11:13:11.760Z] <<< [apiv2][body] GET https://api.github.com/user {"login":"xperience001","id":36804081,"node_id":"MDQ6VXNlcjM2ODA0MDgx","avatar_url":"https://avatars.githubusercontent.com/u/36804081?v=4","gravatar_id":"","url":"https://api.github.com/users/xperience001","html_url":"https://github.com/xperience001","followers_url":"https://api.github.com/users/xperience001/followers","following_url":"https://api.github.com/users/xperience001/following{/other_user}","gists_url":"https://api.github.com/users/xperience001/gists{/gist_id}","starred_url":"https://api.github.com/users/xperience001/starred{/owner}{/repo}","subscriptions_url":"https://api.github.com/users/xperience001/subscriptions","organizations_url":"https://api.github.com/users/xperience001/orgs","repos_url":"https://api.github.com/users/xperience001/repos","events_url":"https://api.github.com/users/xperience001/events{/privacy}","received_events_url":"https://api.github.com/users/xperience001/received_events","type":"User","site_admin":false,"name":null,"company":null,"blog":"","location":"Lagos, Nigeria","email":null,"hireable":null,"bio":"Chemist turn Software Developer.","twitter_username":null,"public_repos":18,"public_gists":0,"followers":10,"following":109,"created_at":"2018-02-25T00:16:30Z","updated_at":"2021-06-29T07:52:45Z","private_gists":0,"total_private_repos":3,"owned_private_repos":3,"disk_usage":45735,"collaborators":0,"two_factor_authentication":false,"plan":{"name":"free","space":976562499,"collaborators":0,"private_repos":10000}}
[info] 
[info] +  Success! Logged into GitHub as xperience001 
[info] 
